TD65C 000:000.791   SEGGER J-Link V8.58 Log File
TD65C 000:000.971   DLL Compiled: Aug  6 2025 12:29:52
TD65C 000:000.981   Logging started @ 2026-05-11 09:31
TD65C 000:000.992   Process: C:\Users\USE\.eclipse\com.renesas.platform_1983295112\DebugComp\RA\e2-server-gdb.exe
TD65C 000:001.009 - 1.001ms 
TD65C 000:001.075 JLINK_GetDLLVersion()
TD65C 000:001.090 - 0.015ms returns 85800
TD65C 000:003.923 JLINK_OpenEx(...)
TD65C 000:013.547   Firmware: J-Link OB-S124 compiled Aug 13 2025 10:35:02
TD65C 000:014.646   Firmware: J-Link OB-S124 compiled Aug 13 2025 10:35:02
TD65C 000:038.958   Hardware: V1.00
TD65C 000:038.995   S/N: 831618826
TD65C 000:039.009   OEM: SEGGER
TD65C 000:039.024   Feature(s): None
TD65C 000:040.037   Bootloader: 2019 Oct 15
TD65C 000:040.909   USB speed mode: Full speed (12 MBit/s)
TD65C 000:041.557   TELNET listener socket opened on port 19021
TD65C 000:041.752   WEBSRV WEBSRV_Init(): Starting webserver thread(s)
TD65C 000:041.904   WEBSRV Webserver running on local port 19080
TD65C 000:042.062   Looking for J-Link GUI Server exe at: C:\Users\USE\.eclipse\com.renesas.platform_1983295112\DebugComp\RA\ARM\Segger_v8.58.0\JLinkGUIServer.exe
TD65C 000:042.410   Looking for J-Link GUI Server exe at: \JLinkGUIServer.exe
TD65C 000:350.581   Failed to connect to J-Link GUI Server.
TD65C 000:350.624 - 346.693ms returns "O.K."
TD65C 000:350.754 JLINK_ExecCommand("ProjectFile=C:\Users\USE\Desktop\SEAN_CODE\OTA\ra_primary_app/ra_primary_app Debug_Flat.jlink", ...). 
TD65C 000:370.907 - 20.156ms returns 0x00
TD65C 000:371.285 JLINK_ExecCommand("device=R7FA6M5BH", ...). 
TD65C 000:372.238   Flash bank @ 0x0100A100: SFL: Parsing sectorization info from ELF file
TD65C 000:372.264     FlashDevice.SectorInfo[0]: .SectorSize = 0x00000010, .SectorStartAddr = 0x00000000
TD65C 000:372.277   FlashBank @0x0100A100: Sectorization info from SFL ELF file ignored because sectorization override from DLL / XML file is active.
TD65C 000:372.780   Flash bank @ 0x60000000: SFL: Parsing sectorization info from ELF file
TD65C 000:372.798     FlashDevice.SectorInfo[0]: .SectorSize = 0x00010000, .SectorStartAddr = 0x00000000
TD65C 000:375.809   Device "R7FA6M5BH" selected.
TD65C 000:376.272 - 4.971ms returns 0x00
TD65C 000:376.303 JLINK_TIF_GetAvailable(...)
TD65C 000:376.567 - 0.263ms 
TD65C 000:376.602 JLINK_TIF_Select(JLINKARM_TIF_SWD)
TD65C 000:377.472 - 0.874ms returns 0x00
TD65C 000:377.509 JLINK_SetSpeed(4000)
TD65C 000:377.781 - 0.276ms 
TD65C 000:377.819 JLINK_ReadMem(0xE000EDF0, 0x4 Bytes, ...)
TD65C 000:378.066   ConfigTargetSettings() start
TD65C 000:378.087    J-Link Script File: Executing ConfigTargetSettings()
TD65C 000:378.108   Configuring FlashDLNoRMWThreshold=0x200 in order to make sure that option bytes programming is done via read-modify-write
TD65C 000:403.123   ConfigTargetSettings() end - Took 25.0ms
TD65C 000:403.151   InitTarget() start
TD65C 000:403.165    J-Link Script File: Executing InitTarget()
TD65C 000:403.178   SWD selected. Executing JTAG -> SWD switching sequence.
TD65C 000:406.521   DAP initialized successfully.
TD65C 000:406.550   Determining TrustZone configuration...
TD65C 000:408.564     Secure Debug: Enabled (SSD)
TD65C 000:408.595   Determining currently configured transfer type by reading the AHB-AP CSW register.
TD65C 000:410.088     --> Correct transfer type configured. Done.
TD65C 000:410.115   InitTarget() end - Took 6.94ms
TD65C 000:411.115   Found SW-DP with ID 0x6BA02477
TD65C 000:415.150   DPIDR: 0x6BA02477
TD65C 000:415.182   CoreSight SoC-400 or earlier
TD65C 000:415.197   Scanning AP map to find all available APs
TD65C 000:416.963   AP[2]: Stopped AP scan as end of AP map has been reached
TD65C 000:416.997   AP[0]: AHB-AP (IDR: 0x84770001, ADDR: 0x00000000)
TD65C 000:417.021   AP[1]: APB-AP (IDR: 0x54770002, ADDR: 0x01000000)
TD65C 000:417.036   Iterating through AP map to find AHB-AP to use
TD65C 000:418.637   AP[0]: Core found
TD65C 000:418.660   AP[0]: AHB-AP ROM base: 0xE00FE000
TD65C 000:419.534   CPUID register: 0x410FD214. Implementer code: 0x41 (ARM)
TD65C 000:419.607   Feature set: Mainline
TD65C 000:420.333   Cache: No cache
TD65C 000:420.357   Found Cortex-M33 r0p4, Little endian.
TD65C 000:420.961   -- Max. mem block: 0x00001B78
TD65C 000:422.553   CPU_ReadMem(4 bytes @ 0xE000EDF0)
TD65C 000:423.447   CPU_WriteMem(4 bytes @ 0xE000EDF0)
TD65C 000:424.107   CPU_ReadMem(4 bytes @ 0xE0002000)
TD65C 000:424.721   FPUnit: 8 code (BP) slots and 0 literal slots
TD65C 000:424.742   CPU_ReadMem(4 bytes @ 0xE000EDFC)
TD65C 000:425.334   CPU_WriteMem(4 bytes @ 0xE000EDFC)
TD65C 000:426.012   CPU_ReadMem(4 bytes @ 0xE0001000)
TD65C 000:426.620   CPU_ReadMem(4 bytes @ 0xE0001000)
TD65C 000:427.215   CPU_ReadMem(4 bytes @ 0xE0001028)
TD65C 000:427.785   CPU_ReadMem(4 bytes @ 0xE0001038)
TD65C 000:428.400   CPU_ReadMem(4 bytes @ 0xE0001048)
TD65C 000:428.968   CPU_ReadMem(4 bytes @ 0xE0001058)
TD65C 000:429.518   CPU_WriteMem(4 bytes @ 0xE0001000)
TD65C 000:430.169   CPU_ReadMem(4 bytes @ 0xE000ED88)
TD65C 000:430.785   CPU_WriteMem(4 bytes @ 0xE000ED88)
TD65C 000:431.363   CPU_ReadMem(4 bytes @ 0xE000ED88)
TD65C 000:431.964   CPU_WriteMem(4 bytes @ 0xE000ED88)
TD65C 000:432.616   CPU_ReadMem(4 bytes @ 0xE000EFB8)
TD65C 000:433.219   Security extension: implemented
TD65C 000:433.240   Secure debug: enabled
TD65C 000:433.250   CoreSight components:
TD65C 000:433.260   ROMTbl[0] @ E00FE000
TD65C 000:433.270   CPU_ReadMem(64 bytes @ 0xE00FE000)
TD65C 000:434.595   CPU_ReadMem(32 bytes @ 0xE0044FE0)
TD65C 000:435.558   CPU_ReadMem(4 bytes @ 0xE0044FBC)
TD65C 000:436.229   CPU_ReadMem(4 bytes @ 0xE0044FCC)
TD65C 000:436.846   [0][0]: E0044000 CID B105900D PID 005BB906 DEVARCH 00000000 DEVTYPE 14 CTI (?)
TD65C 000:436.869   CPU_ReadMem(32 bytes @ 0xE0047FE0)
TD65C 000:437.766   CPU_ReadMem(4 bytes @ 0xE0047FBC)
TD65C 000:438.396   CPU_ReadMem(4 bytes @ 0xE0047FCC)
TD65C 000:438.965   [0][1]: E0047000 CID B105900D PID 003BB908 DEVARCH 00000000 DEVTYPE 12 CSTF
TD65C 000:438.985   CPU_ReadMem(32 bytes @ 0xE0048FE0)
TD65C 000:439.879   CPU_ReadMem(4 bytes @ 0xE0048FBC)
TD65C 000:440.514   CPU_ReadMem(4 bytes @ 0xE0048FCC)
TD65C 000:441.111   [0][2]: E0048000 CID B105900D PID 001BB961 DEVARCH 00000000 DEVTYPE 21 TMC
TD65C 000:441.131   CPU_ReadMem(32 bytes @ 0xE0049FE0)
TD65C 000:442.087   [0][3]: E0049000 CID B105F00D PID 001BB101 TSG
TD65C 000:442.107   CPU_ReadMem(32 bytes @ 0xE0040FE0)
TD65C 000:443.061   CPU_ReadMem(4 bytes @ 0xE0040FBC)
TD65C 000:443.720   CPU_ReadMem(4 bytes @ 0xE0040FCC)
TD65C 000:444.313   [0][4]: E0040000 CID B105900D PID 000BBD21 DEVARCH 00000000 DEVTYPE 11 TPIU
TD65C 000:444.333   CPU_ReadMem(32 bytes @ 0xE00FFFE0)
TD65C 000:445.327   [0][5]: E00FF000 CID B105100D PID 000BB4C9 ROM Table
TD65C 000:445.346   ROMTbl[1] @ E00FF000
TD65C 000:445.360   CPU_ReadMem(64 bytes @ 0xE00FF000)
TD65C 000:446.748   CPU_ReadMem(32 bytes @ 0xE000EFE0)
TD65C 000:447.740   CPU_ReadMem(4 bytes @ 0xE000EFBC)
TD65C 000:448.338   CPU_ReadMem(4 bytes @ 0xE000EFCC)
TD65C 000:448.893   [1][0]: E000E000 CID B105900D PID 000BBD21 DEVARCH 47702A04 DEVTYPE 00 Cortex-M33
TD65C 000:448.915   CPU_ReadMem(32 bytes @ 0xE0001FE0)
TD65C 000:449.804   CPU_ReadMem(4 bytes @ 0xE0001FBC)
TD65C 000:450.411   CPU_ReadMem(4 bytes @ 0xE0001FCC)
TD65C 000:450.994   [1][1]: E0001000 CID B105900D PID 000BBD21 DEVARCH 47701A02 DEVTYPE 00 DWT
TD65C 000:451.015   CPU_ReadMem(32 bytes @ 0xE0002FE0)
TD65C 000:451.906   CPU_ReadMem(4 bytes @ 0xE0002FBC)
TD65C 000:452.568   CPU_ReadMem(4 bytes @ 0xE0002FCC)
TD65C 000:453.165   [1][2]: E0002000 CID B105900D PID 000BBD21 DEVARCH 47701A03 DEVTYPE 00 FPB
TD65C 000:453.185   CPU_ReadMem(32 bytes @ 0xE0000FE0)
TD65C 000:454.139   CPU_ReadMem(4 bytes @ 0xE0000FBC)
TD65C 000:454.749   CPU_ReadMem(4 bytes @ 0xE0000FCC)
TD65C 000:455.375   [1][3]: E0000000 CID B105900D PID 000BBD21 DEVARCH 47701A01 DEVTYPE 43 ITM
TD65C 000:455.395   CPU_ReadMem(32 bytes @ 0xE0041FE0)
TD65C 000:456.385   CPU_ReadMem(4 bytes @ 0xE0041FBC)
TD65C 000:456.990   CPU_ReadMem(4 bytes @ 0xE0041FCC)
TD65C 000:457.594   [1][5]: E0041000 CID B105900D PID 002BBD21 DEVARCH 47724A13 DEVTYPE 13 ETM
TD65C 000:457.624   CPU_ReadMem(32 bytes @ 0xE0042FE0)
TD65C 000:458.535   CPU_ReadMem(4 bytes @ 0xE0042FBC)
TD65C 000:459.127   CPU_ReadMem(4 bytes @ 0xE0042FCC)
TD65C 000:459.672   [1][6]: E0042000 CID B105900D PID 000BBD21 DEVARCH 47701A14 DEVTYPE 14 CSS600-CTI
TD65C 000:459.746   CPU_ReadMem(4 bytes @ 0xE000EDF0)
TD65C 000:460.275   Data:  01 00 14 01
TD65C 000:460.298   Debug reg: DHCSR
TD65C 000:460.313 - 82.493ms returns 0
TD65C 000:460.339 JLINK_ReadMem(0x400E002C, 0x4 Bytes, ...)
TD65C 000:460.354   CPU_ReadMem(4 bytes @ 0x400E002C)
TD65C 000:460.889   Data:  02 00 00 00
TD65C 000:460.908 - 0.568ms returns 0
TD65C 000:460.975 JLINK_ReadMem(0xE000EDF0, 0x4 Bytes, ...)
TD65C 000:460.994   CPU_ReadMem(4 bytes @ 0xE000EDF0)
TD65C 000:461.517   Data:  01 00 14 01
TD65C 000:461.536   Debug reg: DHCSR
TD65C 000:461.549 - 0.574ms returns 0
TD65C 000:461.618 JLINK_ReadMem(0xE000EDF0, 0x4 Bytes, ...)
TD65C 000:461.633   CPU_ReadMem(4 bytes @ 0xE000EDF0)
TD65C 000:462.186   Data:  01 00 14 01
TD65C 000:462.205   Debug reg: DHCSR
TD65C 000:462.219 - 0.601ms returns 0
TD65C 000:462.233 JLINK_ReadMem(0x400E001C, 0x4 Bytes, ...)
TD65C 000:462.246   CPU_ReadMem(4 bytes @ 0x400E001C)
TD65C 000:462.786   Data:  00 00 01 00
TD65C 000:462.806 - 0.572ms returns 0
TD65C 000:462.823 JLINK_ReadMem(0xE000EDF0, 0x4 Bytes, ...)
TD65C 000:462.837   CPU_ReadMem(4 bytes @ 0xE000EDF0)
TD65C 000:463.389   Data:  01 00 14 01
TD65C 000:463.408   Debug reg: DHCSR
TD65C 000:463.422 - 0.598ms returns 0
TD65C 000:463.435 JLINK_ReadMem(0x400E0018, 0x4 Bytes, ...)
TD65C 000:463.449   CPU_ReadMem(4 bytes @ 0x400E0018)
TD65C 000:464.001   Data:  00 00 01 00
TD65C 000:464.020 - 0.584ms returns 0
TD65C 000:464.037 JLINK_ReadMem(0xE000EDF0, 0x4 Bytes, ...)
TD65C 000:464.051   CPU_ReadMem(4 bytes @ 0xE000EDF0)
TD65C 000:464.595   Data:  01 00 14 01
TD65C 000:464.614   Debug reg: DHCSR
TD65C 000:464.628 - 0.590ms returns 0
TD65C 000:464.641 JLINK_ReadMem(0x400E0020, 0x4 Bytes, ...)
TD65C 000:464.655   CPU_ReadMem(4 bytes @ 0x400E0020)
TD65C 000:465.254   Data:  00 00 00 00
TD65C 000:465.273 - 0.631ms returns 0
TD65C 000:465.291 JLINK_ReadMem(0xE000EDF0, 0x4 Bytes, ...)
TD65C 000:465.304   CPU_ReadMem(4 bytes @ 0xE000EDF0)
TD65C 000:465.837   Data:  01 00 14 01
TD65C 000:465.856   Debug reg: DHCSR
TD65C 000:465.870 - 0.579ms returns 0
TD65C 000:465.883 JLINK_ReadMem(0x400E0028, 0x4 Bytes, ...)
TD65C 000:465.897   CPU_ReadMem(4 bytes @ 0x400E0028)
TD65C 000:466.425   Data:  00 60 01 00
TD65C 000:466.445 - 0.561ms returns 0
TD65C 000:466.462 JLINK_ReadMem(0xE000EDF0, 0x4 Bytes, ...)
TD65C 000:466.476   CPU_ReadMem(4 bytes @ 0xE000EDF0)
TD65C 000:467.023   Data:  01 00 14 01
TD65C 000:467.044   Debug reg: DHCSR
TD65C 000:467.058 - 0.595ms returns 0
TD65C 000:467.072 JLINK_ReadMem(0x400E0024, 0x4 Bytes, ...)
TD65C 000:467.086   CPU_ReadMem(4 bytes @ 0x400E0024)
TD65C 000:467.628   Data:  00 60 01 00
TD65C 000:467.647 - 0.574ms returns 0
TD65C 000:467.665 JLINK_ReadMem(0xE000EDF0, 0x4 Bytes, ...)
TD65C 000:467.678   CPU_ReadMem(4 bytes @ 0xE000EDF0)
TD65C 000:468.204   Data:  01 00 14 01
TD65C 000:468.222   Debug reg: DHCSR
TD65C 000:468.236 - 0.571ms returns 0
TD65C 000:468.249 JLINK_ReadMem(0x400E002C, 0x4 Bytes, ...)
TD65C 000:468.262   CPU_ReadMem(4 bytes @ 0x400E002C)
TD65C 000:468.811   Data:  02 00 00 00
TD65C 000:468.831 - 0.581ms returns 0
TD65C 000:468.847 JLINK_ReadMem(0xE000EDF0, 0x4 Bytes, ...)
TD65C 000:468.860   CPU_ReadMem(4 bytes @ 0xE000EDF0)
TD65C 000:469.399   Data:  01 00 14 01
TD65C 000:469.418   Debug reg: DHCSR
TD65C 000:469.432 - 0.584ms returns 0
TD65C 000:469.446 JLINK_ReadMem(0x400E002C, 0x4 Bytes, ...)
TD65C 000:469.460   CPU_ReadMem(4 bytes @ 0x400E002C)
TD65C 000:470.058   Data:  02 00 00 00
TD65C 000:470.077 - 0.630ms returns 0
TD65C 000:475.317 JLINK_Close()
TD65C 000:498.381 - 23.063ms
TD65C 000:498.415   
TD65C 000:498.424   Closed
