TA4DC 000:000.663   SEGGER J-Link V8.58 Log File
TA4DC 000:000.794   DLL Compiled: Aug  6 2025 12:29:52
TA4DC 000:000.802   Logging started @ 2026-04-22 01:45
TA4DC 000:000.808   Process: C:\Users\USE\.eclipse\com.renesas.platform_1983295112\DebugComp\RA\e2-server-gdb.exe
TA4DC 000:000.820 - 0.815ms 
TA4DC 000:000.836 JLINK_GetDLLVersion()
TA4DC 000:000.845 - 0.008ms returns 85800
TA4DC 000:003.245 JLINK_OpenEx(...)
TA4DC 000:010.821   Firmware: J-Link OB-S124 compiled Aug 13 2025 10:35:02
TA4DC 000:011.905   Firmware: J-Link OB-S124 compiled Aug 13 2025 10:35:02
TA4DC 000:036.479   Hardware: V1.00
TA4DC 000:036.509   S/N: 831618826
TA4DC 000:036.518   OEM: SEGGER
TA4DC 000:036.528   Feature(s): None
TA4DC 000:037.591   Bootloader: 2019 Oct 15
TA4DC 000:038.541   USB speed mode: Full speed (12 MBit/s)
TA4DC 000:039.172   TELNET listener socket opened on port 19021
TA4DC 000:039.346   WEBSRV WEBSRV_Init(): Starting webserver thread(s)
TA4DC 000:039.530   WEBSRV Webserver running on local port 19080
TA4DC 000:039.654   Looking for J-Link GUI Server exe at: C:\Users\USE\.eclipse\com.renesas.platform_1983295112\DebugComp\RA\ARM\Segger_v8.58.0\JLinkGUIServer.exe
TA4DC 000:039.865   Looking for J-Link GUI Server exe at: \JLinkGUIServer.exe
TA4DC 000:346.742   Failed to connect to J-Link GUI Server.
TA4DC 000:346.776 - 343.525ms returns "O.K."
TA4DC 000:346.876 JLINK_ExecCommand("ProjectFile=C:\Users\USE\Desktop\SEAN_CODE\OTA\OTA_RTOS_App/OTA_RTOS_App Debug_Flat.jlink", ...). 
TA4DC 000:362.325 - 15.449ms returns 0x00
TA4DC 000:362.766 JLINK_ExecCommand("device=R7FA6M5BH", ...). 
TA4DC 000:363.535   Flash bank @ 0x0100A100: SFL: Parsing sectorization info from ELF file
TA4DC 000:363.548     FlashDevice.SectorInfo[0]: .SectorSize = 0x00000010, .SectorStartAddr = 0x00000000
TA4DC 000:363.558   FlashBank @0x0100A100: Sectorization info from SFL ELF file ignored because sectorization override from DLL / XML file is active.
TA4DC 000:363.926   Flash bank @ 0x60000000: SFL: Parsing sectorization info from ELF file
TA4DC 000:363.939     FlashDevice.SectorInfo[0]: .SectorSize = 0x00010000, .SectorStartAddr = 0x00000000
TA4DC 000:366.360   Device "R7FA6M5BH" selected.
TA4DC 000:366.753 - 3.971ms returns 0x00
TA4DC 000:366.776 JLINK_TIF_GetAvailable(...)
TA4DC 000:367.111 - 0.334ms 
TA4DC 000:367.132 JLINK_TIF_Select(JLINKARM_TIF_SWD)
TA4DC 000:368.088 - 0.959ms returns 0x00
TA4DC 000:368.109 JLINK_SetSpeed(4000)
TA4DC 000:368.254 - 0.147ms 
TA4DC 000:368.275 JLINK_ReadMem(0xE000EDF0, 0x4 Bytes, ...)
TA4DC 000:368.609   ConfigTargetSettings() start
TA4DC 000:368.627    J-Link Script File: Executing ConfigTargetSettings()
TA4DC 000:368.647   Configuring FlashDLNoRMWThreshold=0x200 in order to make sure that option bytes programming is done via read-modify-write
TA4DC 000:392.798   ConfigTargetSettings() end - Took 24.1ms
TA4DC 000:392.820   InitTarget() start
TA4DC 000:392.830    J-Link Script File: Executing InitTarget()
TA4DC 000:392.839   SWD selected. Executing JTAG -> SWD switching sequence.
TA4DC 000:396.005   DAP initialized successfully.
TA4DC 000:396.025   Determining TrustZone configuration...
TA4DC 000:398.182     Secure Debug: Enabled (SSD)
TA4DC 000:398.228   Determining currently configured transfer type by reading the AHB-AP CSW register.
TA4DC 000:399.770     --> Correct transfer type configured. Done.
TA4DC 000:399.789   InitTarget() end - Took 6.95ms
TA4DC 000:400.966   Found SW-DP with ID 0x6BA02477
TA4DC 000:404.983   DPIDR: 0x6BA02477
TA4DC 000:405.003   CoreSight SoC-400 or earlier
TA4DC 000:405.013   Scanning AP map to find all available APs
TA4DC 000:406.796   AP[2]: Stopped AP scan as end of AP map has been reached
TA4DC 000:406.824   AP[0]: AHB-AP (IDR: 0x84770001, ADDR: 0x00000000)
TA4DC 000:406.834   AP[1]: APB-AP (IDR: 0x54770002, ADDR: 0x01000000)
TA4DC 000:406.843   Iterating through AP map to find AHB-AP to use
TA4DC 000:408.490   AP[0]: Core found
TA4DC 000:408.508   AP[0]: AHB-AP ROM base: 0xE00FE000
TA4DC 000:409.289   CPUID register: 0x410FD214. Implementer code: 0x41 (ARM)
TA4DC 000:409.351   Feature set: Mainline
TA4DC 000:410.238   Cache: No cache
TA4DC 000:410.258   Found Cortex-M33 r0p4, Little endian.
TA4DC 000:410.873   -- Max. mem block: 0x000019D8
TA4DC 000:412.437   CPU_ReadMem(4 bytes @ 0xE000EDF0)
TA4DC 000:413.350   CPU_WriteMem(4 bytes @ 0xE000EDF0)
TA4DC 000:414.059   CPU_ReadMem(4 bytes @ 0xE0002000)
TA4DC 000:414.569   FPUnit: 8 code (BP) slots and 0 literal slots
TA4DC 000:414.584   CPU_ReadMem(4 bytes @ 0xE000EDFC)
TA4DC 000:415.195   CPU_WriteMem(4 bytes @ 0xE000EDFC)
TA4DC 000:415.799   CPU_ReadMem(4 bytes @ 0xE0001000)
TA4DC 000:416.402   CPU_ReadMem(4 bytes @ 0xE0001000)
TA4DC 000:416.967   CPU_ReadMem(4 bytes @ 0xE0001028)
TA4DC 000:417.627   CPU_ReadMem(4 bytes @ 0xE0001038)
TA4DC 000:418.256   CPU_ReadMem(4 bytes @ 0xE0001048)
TA4DC 000:418.820   CPU_ReadMem(4 bytes @ 0xE0001058)
TA4DC 000:419.470   CPU_WriteMem(4 bytes @ 0xE0001000)
TA4DC 000:420.116   CPU_ReadMem(4 bytes @ 0xE000ED88)
TA4DC 000:420.669   CPU_WriteMem(4 bytes @ 0xE000ED88)
TA4DC 000:421.263   CPU_ReadMem(4 bytes @ 0xE000ED88)
TA4DC 000:421.845   CPU_WriteMem(4 bytes @ 0xE000ED88)
TA4DC 000:422.547   CPU_ReadMem(4 bytes @ 0xE000EFB8)
TA4DC 000:423.141   Security extension: implemented
TA4DC 000:423.160   Secure debug: enabled
TA4DC 000:423.169   CoreSight components:
TA4DC 000:423.179   ROMTbl[0] @ E00FE000
TA4DC 000:423.188   CPU_ReadMem(64 bytes @ 0xE00FE000)
TA4DC 000:424.629   CPU_ReadMem(32 bytes @ 0xE0044FE0)
TA4DC 000:425.717   CPU_ReadMem(4 bytes @ 0xE0044FBC)
TA4DC 000:426.422   CPU_ReadMem(4 bytes @ 0xE0044FCC)
TA4DC 000:427.055   [0][0]: E0044000 CID B105900D PID 005BB906 DEVARCH 00000000 DEVTYPE 14 CTI (?)
TA4DC 000:427.074   CPU_ReadMem(32 bytes @ 0xE0047FE0)
TA4DC 000:428.017   CPU_ReadMem(4 bytes @ 0xE0047FBC)
TA4DC 000:428.729   CPU_ReadMem(4 bytes @ 0xE0047FCC)
TA4DC 000:429.411   [0][1]: E0047000 CID B105900D PID 003BB908 DEVARCH 00000000 DEVTYPE 12 CSTF
TA4DC 000:429.433   CPU_ReadMem(32 bytes @ 0xE0048FE0)
TA4DC 000:430.394   CPU_ReadMem(4 bytes @ 0xE0048FBC)
TA4DC 000:431.047   CPU_ReadMem(4 bytes @ 0xE0048FCC)
TA4DC 000:431.645   [0][2]: E0048000 CID B105900D PID 001BB961 DEVARCH 00000000 DEVTYPE 21 TMC
TA4DC 000:431.660   CPU_ReadMem(32 bytes @ 0xE0049FE0)
TA4DC 000:432.600   [0][3]: E0049000 CID B105F00D PID 001BB101 TSG
TA4DC 000:432.653   CPU_ReadMem(32 bytes @ 0xE0040FE0)
TA4DC 000:433.626   CPU_ReadMem(4 bytes @ 0xE0040FBC)
TA4DC 000:434.354   CPU_ReadMem(4 bytes @ 0xE0040FCC)
TA4DC 000:434.959   [0][4]: E0040000 CID B105900D PID 000BBD21 DEVARCH 00000000 DEVTYPE 11 TPIU
TA4DC 000:434.974   CPU_ReadMem(32 bytes @ 0xE00FFFE0)
TA4DC 000:435.941   [0][5]: E00FF000 CID B105100D PID 000BB4C9 ROM Table
TA4DC 000:435.977   ROMTbl[1] @ E00FF000
TA4DC 000:435.987   CPU_ReadMem(64 bytes @ 0xE00FF000)
TA4DC 000:437.344   CPU_ReadMem(32 bytes @ 0xE000EFE0)
TA4DC 000:438.390   CPU_ReadMem(4 bytes @ 0xE000EFBC)
TA4DC 000:439.077   CPU_ReadMem(4 bytes @ 0xE000EFCC)
TA4DC 000:439.677   [1][0]: E000E000 CID B105900D PID 000BBD21 DEVARCH 47702A04 DEVTYPE 00 Cortex-M33
TA4DC 000:439.692   CPU_ReadMem(32 bytes @ 0xE0001FE0)
TA4DC 000:440.614   CPU_ReadMem(4 bytes @ 0xE0001FBC)
TA4DC 000:441.278   CPU_ReadMem(4 bytes @ 0xE0001FCC)
TA4DC 000:441.867   [1][1]: E0001000 CID B105900D PID 000BBD21 DEVARCH 47701A02 DEVTYPE 00 DWT
TA4DC 000:441.882   CPU_ReadMem(32 bytes @ 0xE0002FE0)
TA4DC 000:442.840   CPU_ReadMem(4 bytes @ 0xE0002FBC)
TA4DC 000:443.421   CPU_ReadMem(4 bytes @ 0xE0002FCC)
TA4DC 000:444.123   [1][2]: E0002000 CID B105900D PID 000BBD21 DEVARCH 47701A03 DEVTYPE 00 FPB
TA4DC 000:444.180   CPU_ReadMem(32 bytes @ 0xE0000FE0)
TA4DC 000:445.040   CPU_ReadMem(4 bytes @ 0xE0000FBC)
TA4DC 000:445.683   CPU_ReadMem(4 bytes @ 0xE0000FCC)
TA4DC 000:446.257   [1][3]: E0000000 CID B105900D PID 000BBD21 DEVARCH 47701A01 DEVTYPE 43 ITM
TA4DC 000:446.272   CPU_ReadMem(32 bytes @ 0xE0041FE0)
TA4DC 000:447.285   CPU_ReadMem(4 bytes @ 0xE0041FBC)
TA4DC 000:447.925   CPU_ReadMem(4 bytes @ 0xE0041FCC)
TA4DC 000:448.532   [1][5]: E0041000 CID B105900D PID 002BBD21 DEVARCH 47724A13 DEVTYPE 13 ETM
TA4DC 000:448.584   CPU_ReadMem(32 bytes @ 0xE0042FE0)
TA4DC 000:449.437   CPU_ReadMem(4 bytes @ 0xE0042FBC)
TA4DC 000:450.068   CPU_ReadMem(4 bytes @ 0xE0042FCC)
TA4DC 000:450.730   [1][6]: E0042000 CID B105900D PID 000BBD21 DEVARCH 47701A14 DEVTYPE 14 CSS600-CTI
TA4DC 000:450.816   CPU_ReadMem(4 bytes @ 0xE000EDF0)
TA4DC 000:451.404   Data:  01 00 14 01
TA4DC 000:451.421   Debug reg: DHCSR
TA4DC 000:451.432 - 83.157ms returns 0
TA4DC 000:451.452 JLINK_ReadMem(0x400E002C, 0x4 Bytes, ...)
TA4DC 000:451.463   CPU_ReadMem(4 bytes @ 0x400E002C)
TA4DC 000:451.973   Data:  02 00 00 00
TA4DC 000:451.988 - 0.535ms returns 0
TA4DC 000:452.025 JLINK_ReadMem(0xE000EDF0, 0x4 Bytes, ...)
TA4DC 000:452.037   CPU_ReadMem(4 bytes @ 0xE000EDF0)
TA4DC 000:452.606   Data:  01 00 14 00
TA4DC 000:452.657   Debug reg: DHCSR
TA4DC 000:452.666 - 0.641ms returns 0
TA4DC 000:452.747 JLINK_ReadMem(0xE000EDF0, 0x4 Bytes, ...)
TA4DC 000:452.762   CPU_ReadMem(4 bytes @ 0xE000EDF0)
TA4DC 000:453.298   Data:  01 00 14 00
TA4DC 000:453.315   Debug reg: DHCSR
TA4DC 000:453.325 - 0.577ms returns 0
TA4DC 000:453.336 JLINK_ReadMem(0x400E001C, 0x4 Bytes, ...)
TA4DC 000:453.346   CPU_ReadMem(4 bytes @ 0x400E001C)
TA4DC 000:453.865   Data:  00 80 00 00
TA4DC 000:453.880 - 0.543ms returns 0
TA4DC 000:453.892 JLINK_ReadMem(0xE000EDF0, 0x4 Bytes, ...)
TA4DC 000:453.902   CPU_ReadMem(4 bytes @ 0xE000EDF0)
TA4DC 000:454.419   Data:  01 00 14 01
TA4DC 000:454.433   Debug reg: DHCSR
TA4DC 000:454.443 - 0.550ms returns 0
TA4DC 000:454.453 JLINK_ReadMem(0x400E0018, 0x4 Bytes, ...)
TA4DC 000:454.463   CPU_ReadMem(4 bytes @ 0x400E0018)
TA4DC 000:455.056   Data:  00 80 00 00
TA4DC 000:455.105 - 0.651ms returns 0
TA4DC 000:455.118 JLINK_ReadMem(0xE000EDF0, 0x4 Bytes, ...)
TA4DC 000:455.127   CPU_ReadMem(4 bytes @ 0xE000EDF0)
TA4DC 000:455.738   Data:  01 00 14 00
TA4DC 000:455.755   Debug reg: DHCSR
TA4DC 000:455.765 - 0.647ms returns 0
TA4DC 000:455.776 JLINK_ReadMem(0x400E0020, 0x4 Bytes, ...)
TA4DC 000:455.786   CPU_ReadMem(4 bytes @ 0x400E0020)
TA4DC 000:456.344   Data:  00 00 00 00
TA4DC 000:456.358 - 0.582ms returns 0
TA4DC 000:456.372 JLINK_ReadMem(0xE000EDF0, 0x4 Bytes, ...)
TA4DC 000:456.382   CPU_ReadMem(4 bytes @ 0xE000EDF0)
TA4DC 000:457.018   Data:  01 00 14 00
TA4DC 000:457.032   Debug reg: DHCSR
TA4DC 000:457.042 - 0.670ms returns 0
TA4DC 000:457.052 JLINK_ReadMem(0x400E0028, 0x4 Bytes, ...)
TA4DC 000:457.062   CPU_ReadMem(4 bytes @ 0x400E0028)
TA4DC 000:457.656   Data:  00 20 00 00
TA4DC 000:457.706 - 0.653ms returns 0
TA4DC 000:457.719 JLINK_ReadMem(0xE000EDF0, 0x4 Bytes, ...)
TA4DC 000:457.728   CPU_ReadMem(4 bytes @ 0xE000EDF0)
TA4DC 000:458.303   Data:  01 00 14 00
TA4DC 000:458.353   Debug reg: DHCSR
TA4DC 000:458.362 - 0.643ms returns 0
TA4DC 000:458.373 JLINK_ReadMem(0x400E0024, 0x4 Bytes, ...)
TA4DC 000:458.382   CPU_ReadMem(4 bytes @ 0x400E0024)
TA4DC 000:458.930   Data:  00 20 00 00
TA4DC 000:458.947 - 0.574ms returns 0
TA4DC 000:458.962 JLINK_ReadMem(0xE000EDF0, 0x4 Bytes, ...)
TA4DC 000:458.972   CPU_ReadMem(4 bytes @ 0xE000EDF0)
TA4DC 000:459.496   Data:  01 00 14 00
TA4DC 000:459.510   Debug reg: DHCSR
TA4DC 000:459.520 - 0.558ms returns 0
TA4DC 000:459.531 JLINK_ReadMem(0x400E002C, 0x4 Bytes, ...)
TA4DC 000:459.540   CPU_ReadMem(4 bytes @ 0x400E002C)
TA4DC 000:460.101   Data:  02 00 00 00
TA4DC 000:460.118 - 0.587ms returns 0
TA4DC 000:460.131 JLINK_ReadMem(0xE000EDF0, 0x4 Bytes, ...)
TA4DC 000:460.142   CPU_ReadMem(4 bytes @ 0xE000EDF0)
TA4DC 000:460.672   Data:  01 00 14 01
TA4DC 000:460.686   Debug reg: DHCSR
TA4DC 000:460.696 - 0.564ms returns 0
TA4DC 000:460.707 JLINK_ReadMem(0x400E002C, 0x4 Bytes, ...)
TA4DC 000:460.717   CPU_ReadMem(4 bytes @ 0x400E002C)
TA4DC 000:461.377   Data:  02 00 00 00
TA4DC 000:461.394 - 0.686ms returns 0
TA4DC 000:468.821 JLINK_Close()
TA4DC 000:499.563 - 30.738ms
TA4DC 000:499.683   
TA4DC 000:499.719   Closed
