T0B14 000:000.745   SEGGER J-Link V8.58 Log File
T0B14 000:000.881   DLL Compiled: Aug  6 2025 12:29:52
T0B14 000:000.889   Logging started @ 2026-05-12 09:11
T0B14 000:000.896   Process: C:\Users\USE\.eclipse\com.renesas.platform_1983295112\DebugComp\RA\e2-server-gdb.exe
T0B14 000:000.908 - 0.902ms 
T0B14 000:000.925 JLINK_GetDLLVersion()
T0B14 000:001.036 - 0.107ms returns 85800
T0B14 000:003.984 JLINK_OpenEx(...)
T0B14 000:011.414   Firmware: J-Link OB-S124 compiled Aug 13 2025 10:35:02
T0B14 000:012.476   Firmware: J-Link OB-S124 compiled Aug 13 2025 10:35:02
T0B14 000:037.211   Hardware: V1.00
T0B14 000:037.236   S/N: 831618826
T0B14 000:037.246   OEM: SEGGER
T0B14 000:037.256   Feature(s): None
T0B14 000:038.147   Bootloader: 2019 Oct 15
T0B14 000:038.987   USB speed mode: Full speed (12 MBit/s)
T0B14 000:039.626   TELNET listener socket opened on port 19021
T0B14 000:039.782   WEBSRV WEBSRV_Init(): Starting webserver thread(s)
T0B14 000:039.951   WEBSRV Webserver running on local port 19080
T0B14 000:040.083   Looking for J-Link GUI Server exe at: C:\Users\USE\.eclipse\com.renesas.platform_1983295112\DebugComp\RA\ARM\Segger_v8.58.0\JLinkGUIServer.exe
T0B14 000:040.326   Looking for J-Link GUI Server exe at: \JLinkGUIServer.exe
T0B14 000:347.657   Failed to connect to J-Link GUI Server.
T0B14 000:347.717 - 343.721ms returns "O.K."
T0B14 000:347.854 JLINK_ExecCommand("ProjectFile=C:\Users\USE\Desktop\SEAN_CODE\OTA\ra_mcuboot/ra_mcuboot Debug_Flat.jlink", ...). 
T0B14 000:366.636 - 18.786ms returns 0x00
T0B14 000:367.277 JLINK_ExecCommand("device=R7FA6M5BH", ...). 
T0B14 000:368.558   Flash bank @ 0x0100A100: SFL: Parsing sectorization info from ELF file
T0B14 000:368.584     FlashDevice.SectorInfo[0]: .SectorSize = 0x00000010, .SectorStartAddr = 0x00000000
T0B14 000:368.603   FlashBank @0x0100A100: Sectorization info from SFL ELF file ignored because sectorization override from DLL / XML file is active.
T0B14 000:368.988   Flash bank @ 0x60000000: SFL: Parsing sectorization info from ELF file
T0B14 000:369.024     FlashDevice.SectorInfo[0]: .SectorSize = 0x00010000, .SectorStartAddr = 0x00000000
T0B14 000:371.468   Device "R7FA6M5BH" selected.
T0B14 000:371.833 - 4.520ms returns 0x00
T0B14 000:371.856 JLINK_TIF_GetAvailable(...)
T0B14 000:372.101 - 0.245ms 
T0B14 000:372.130 JLINK_TIF_Select(JLINKARM_TIF_SWD)
T0B14 000:373.081 - 0.956ms returns 0x00
T0B14 000:373.110 JLINK_SetSpeed(4000)
T0B14 000:373.292 - 0.186ms 
T0B14 000:373.347 JLINK_ReadMem(0xE000EDF0, 0x4 Bytes, ...)
T0B14 000:373.668   ConfigTargetSettings() start
T0B14 000:373.683    J-Link Script File: Executing ConfigTargetSettings()
T0B14 000:373.697   Configuring FlashDLNoRMWThreshold=0x200 in order to make sure that option bytes programming is done via read-modify-write
T0B14 000:458.328   ConfigTargetSettings() end - Took 84.6ms
T0B14 000:458.356   InitTarget() start
T0B14 000:458.371    J-Link Script File: Executing InitTarget()
T0B14 000:458.384   SWD selected. Executing JTAG -> SWD switching sequence.
T0B14 000:461.610   DAP initialized successfully.
T0B14 000:461.643   Determining TrustZone configuration...
T0B14 000:463.694     Secure Debug: Enabled (SSD)
T0B14 000:463.718   Determining currently configured transfer type by reading the AHB-AP CSW register.
T0B14 000:465.363     --> Correct transfer type configured. Done.
T0B14 000:465.404   InitTarget() end - Took 7.03ms
T0B14 000:466.414   Found SW-DP with ID 0x6BA02477
T0B14 000:470.587   DPIDR: 0x6BA02477
T0B14 000:470.613   CoreSight SoC-400 or earlier
T0B14 000:470.623   Scanning AP map to find all available APs
T0B14 000:472.417   AP[2]: Stopped AP scan as end of AP map has been reached
T0B14 000:472.443   AP[0]: AHB-AP (IDR: 0x84770001, ADDR: 0x00000000)
T0B14 000:472.453   AP[1]: APB-AP (IDR: 0x54770002, ADDR: 0x01000000)
T0B14 000:472.463   Iterating through AP map to find AHB-AP to use
T0B14 000:474.100   AP[0]: Core found
T0B14 000:474.115   AP[0]: AHB-AP ROM base: 0xE00FE000
T0B14 000:474.955   CPUID register: 0x410FD214. Implementer code: 0x41 (ARM)
T0B14 000:475.015   Feature set: Mainline
T0B14 000:475.744   Cache: No cache
T0B14 000:475.763   Found Cortex-M33 r0p4, Little endian.
T0B14 000:476.413   -- Max. mem block: 0x000019D8
T0B14 000:478.008   CPU_ReadMem(4 bytes @ 0xE000EDF0)
T0B14 000:478.813   CPU_WriteMem(4 bytes @ 0xE000EDF0)
T0B14 000:479.457   CPU_ReadMem(4 bytes @ 0xE0002000)
T0B14 000:480.074   FPUnit: 8 code (BP) slots and 0 literal slots
T0B14 000:480.089   CPU_ReadMem(4 bytes @ 0xE000EDFC)
T0B14 000:480.651   CPU_WriteMem(4 bytes @ 0xE000EDFC)
T0B14 000:481.311   CPU_ReadMem(4 bytes @ 0xE0001000)
T0B14 000:481.967   CPU_ReadMem(4 bytes @ 0xE0001000)
T0B14 000:482.583   CPU_ReadMem(4 bytes @ 0xE0001028)
T0B14 000:483.144   CPU_ReadMem(4 bytes @ 0xE0001038)
T0B14 000:483.812   CPU_ReadMem(4 bytes @ 0xE0001048)
T0B14 000:484.474   CPU_ReadMem(4 bytes @ 0xE0001058)
T0B14 000:485.101   CPU_WriteMem(4 bytes @ 0xE0001000)
T0B14 000:485.805   CPU_ReadMem(4 bytes @ 0xE000ED88)
T0B14 000:486.392   CPU_WriteMem(4 bytes @ 0xE000ED88)
T0B14 000:487.039   CPU_ReadMem(4 bytes @ 0xE000ED88)
T0B14 000:487.603   CPU_WriteMem(4 bytes @ 0xE000ED88)
T0B14 000:488.303   CPU_ReadMem(4 bytes @ 0xE000EFB8)
T0B14 000:488.959   Security extension: implemented
T0B14 000:488.986   Secure debug: enabled
T0B14 000:488.996   CoreSight components:
T0B14 000:489.006   ROMTbl[0] @ E00FE000
T0B14 000:489.016   CPU_ReadMem(64 bytes @ 0xE00FE000)
T0B14 000:490.312   CPU_ReadMem(32 bytes @ 0xE0044FE0)
T0B14 000:491.248   CPU_ReadMem(4 bytes @ 0xE0044FBC)
T0B14 000:491.912   CPU_ReadMem(4 bytes @ 0xE0044FCC)
T0B14 000:492.507   [0][0]: E0044000 CID B105900D PID 005BB906 DEVARCH 00000000 DEVTYPE 14 CTI (?)
T0B14 000:492.522   CPU_ReadMem(32 bytes @ 0xE0047FE0)
T0B14 000:493.405   CPU_ReadMem(4 bytes @ 0xE0047FBC)
T0B14 000:494.076   CPU_ReadMem(4 bytes @ 0xE0047FCC)
T0B14 000:494.688   [0][1]: E0047000 CID B105900D PID 003BB908 DEVARCH 00000000 DEVTYPE 12 CSTF
T0B14 000:494.704   CPU_ReadMem(32 bytes @ 0xE0048FE0)
T0B14 000:495.645   CPU_ReadMem(4 bytes @ 0xE0048FBC)
T0B14 000:496.256   CPU_ReadMem(4 bytes @ 0xE0048FCC)
T0B14 000:496.857   [0][2]: E0048000 CID B105900D PID 001BB961 DEVARCH 00000000 DEVTYPE 21 TMC
T0B14 000:496.874   CPU_ReadMem(32 bytes @ 0xE0049FE0)
T0B14 000:497.825   [0][3]: E0049000 CID B105F00D PID 001BB101 TSG
T0B14 000:497.841   CPU_ReadMem(32 bytes @ 0xE0040FE0)
T0B14 000:498.863   CPU_ReadMem(4 bytes @ 0xE0040FBC)
T0B14 000:499.476   CPU_ReadMem(4 bytes @ 0xE0040FCC)
T0B14 000:500.017   [0][4]: E0040000 CID B105900D PID 000BBD21 DEVARCH 00000000 DEVTYPE 11 TPIU
T0B14 000:500.037   CPU_ReadMem(32 bytes @ 0xE00FFFE0)
T0B14 000:500.900   [0][5]: E00FF000 CID B105100D PID 000BB4C9 ROM Table
T0B14 000:500.915   ROMTbl[1] @ E00FF000
T0B14 000:500.926   CPU_ReadMem(64 bytes @ 0xE00FF000)
T0B14 000:502.308   CPU_ReadMem(32 bytes @ 0xE000EFE0)
T0B14 000:503.251   CPU_ReadMem(4 bytes @ 0xE000EFBC)
T0B14 000:503.859   CPU_ReadMem(4 bytes @ 0xE000EFCC)
T0B14 000:504.490   [1][0]: E000E000 CID B105900D PID 000BBD21 DEVARCH 47702A04 DEVTYPE 00 Cortex-M33
T0B14 000:504.507   CPU_ReadMem(32 bytes @ 0xE0001FE0)
T0B14 000:505.435   CPU_ReadMem(4 bytes @ 0xE0001FBC)
T0B14 000:506.072   CPU_ReadMem(4 bytes @ 0xE0001FCC)
T0B14 000:506.663   [1][1]: E0001000 CID B105900D PID 000BBD21 DEVARCH 47701A02 DEVTYPE 00 DWT
T0B14 000:506.680   CPU_ReadMem(32 bytes @ 0xE0002FE0)
T0B14 000:507.620   CPU_ReadMem(4 bytes @ 0xE0002FBC)
T0B14 000:508.257   CPU_ReadMem(4 bytes @ 0xE0002FCC)
T0B14 000:508.857   [1][2]: E0002000 CID B105900D PID 000BBD21 DEVARCH 47701A03 DEVTYPE 00 FPB
T0B14 000:508.873   CPU_ReadMem(32 bytes @ 0xE0000FE0)
T0B14 000:509.824   CPU_ReadMem(4 bytes @ 0xE0000FBC)
T0B14 000:510.489   CPU_ReadMem(4 bytes @ 0xE0000FCC)
T0B14 000:511.075   [1][3]: E0000000 CID B105900D PID 000BBD21 DEVARCH 47701A01 DEVTYPE 43 ITM
T0B14 000:511.091   CPU_ReadMem(32 bytes @ 0xE0041FE0)
T0B14 000:512.031   CPU_ReadMem(4 bytes @ 0xE0041FBC)
T0B14 000:512.698   CPU_ReadMem(4 bytes @ 0xE0041FCC)
T0B14 000:513.263   [1][5]: E0041000 CID B105900D PID 002BBD21 DEVARCH 47724A13 DEVTYPE 13 ETM
T0B14 000:513.288   CPU_ReadMem(32 bytes @ 0xE0042FE0)
T0B14 000:514.176   CPU_ReadMem(4 bytes @ 0xE0042FBC)
T0B14 000:514.808   CPU_ReadMem(4 bytes @ 0xE0042FCC)
T0B14 000:515.415   [1][6]: E0042000 CID B105900D PID 000BBD21 DEVARCH 47701A14 DEVTYPE 14 CSS600-CTI
T0B14 000:515.477   CPU_ReadMem(4 bytes @ 0xE000EDF0)
T0B14 000:516.015   Data:  01 00 18 00
T0B14 000:516.034   Debug reg: DHCSR
T0B14 000:516.044 - 142.697ms returns 0
T0B14 000:516.108 JLINK_ReadMem(0x400E002C, 0x4 Bytes, ...)
T0B14 000:516.127   CPU_ReadMem(4 bytes @ 0x400E002C)
T0B14 000:516.666   Data:  02 00 00 00
T0B14 000:516.682 - 0.574ms returns 0
T0B14 000:516.716 JLINK_ReadMem(0xE000EDF0, 0x4 Bytes, ...)
T0B14 000:516.728   CPU_ReadMem(4 bytes @ 0xE000EDF0)
T0B14 000:517.333   Data:  01 00 18 00
T0B14 000:517.347   Debug reg: DHCSR
T0B14 000:517.357 - 0.641ms returns 0
T0B14 000:517.411 JLINK_ReadMem(0xE000EDF0, 0x4 Bytes, ...)
T0B14 000:517.422   CPU_ReadMem(4 bytes @ 0xE000EDF0)
T0B14 000:517.960   Data:  01 00 18 00
T0B14 000:517.974   Debug reg: DHCSR
T0B14 000:517.984 - 0.573ms returns 0
T0B14 000:517.995 JLINK_ReadMem(0x400E001C, 0x4 Bytes, ...)
T0B14 000:518.005   CPU_ReadMem(4 bytes @ 0x400E001C)
T0B14 000:518.540   Data:  00 00 01 00
T0B14 000:518.554 - 0.559ms returns 0
T0B14 000:518.566 JLINK_ReadMem(0xE000EDF0, 0x4 Bytes, ...)
T0B14 000:518.576   CPU_ReadMem(4 bytes @ 0xE000EDF0)
T0B14 000:519.097   Data:  01 00 18 00
T0B14 000:519.111   Debug reg: DHCSR
T0B14 000:519.143 - 0.576ms returns 0
T0B14 000:519.155 JLINK_ReadMem(0x400E0018, 0x4 Bytes, ...)
T0B14 000:519.167   CPU_ReadMem(4 bytes @ 0x400E0018)
T0B14 000:519.702   Data:  00 00 01 00
T0B14 000:519.717 - 0.562ms returns 0
T0B14 000:519.730 JLINK_ReadMem(0xE000EDF0, 0x4 Bytes, ...)
T0B14 000:519.740   CPU_ReadMem(4 bytes @ 0xE000EDF0)
T0B14 000:520.323   Data:  01 00 18 00
T0B14 000:520.339   Debug reg: DHCSR
T0B14 000:520.349 - 0.618ms returns 0
T0B14 000:520.360 JLINK_ReadMem(0x400E0020, 0x4 Bytes, ...)
T0B14 000:520.370   CPU_ReadMem(4 bytes @ 0x400E0020)
T0B14 000:520.889   Data:  00 00 00 00
T0B14 000:520.904 - 0.544ms returns 0
T0B14 000:520.919 JLINK_ReadMem(0xE000EDF0, 0x4 Bytes, ...)
T0B14 000:520.929   CPU_ReadMem(4 bytes @ 0xE000EDF0)
T0B14 000:521.516   Data:  01 00 18 00
T0B14 000:521.531   Debug reg: DHCSR
T0B14 000:521.540 - 0.621ms returns 0
T0B14 000:521.551 JLINK_ReadMem(0x400E0028, 0x4 Bytes, ...)
T0B14 000:521.561   CPU_ReadMem(4 bytes @ 0x400E0028)
T0B14 000:522.074   Data:  00 60 01 00
T0B14 000:522.090 - 0.539ms returns 0
T0B14 000:522.104 JLINK_ReadMem(0xE000EDF0, 0x4 Bytes, ...)
T0B14 000:522.115   CPU_ReadMem(4 bytes @ 0xE000EDF0)
T0B14 000:522.626   Data:  01 00 18 00
T0B14 000:522.640   Debug reg: DHCSR
T0B14 000:522.650 - 0.546ms returns 0
T0B14 000:522.661 JLINK_ReadMem(0x400E0024, 0x4 Bytes, ...)
T0B14 000:522.671   CPU_ReadMem(4 bytes @ 0x400E0024)
T0B14 000:523.255   Data:  00 60 01 00
T0B14 000:523.270 - 0.608ms returns 0
T0B14 000:523.283 JLINK_ReadMem(0xE000EDF0, 0x4 Bytes, ...)
T0B14 000:523.293   CPU_ReadMem(4 bytes @ 0xE000EDF0)
T0B14 000:523.808   Data:  01 00 18 00
T0B14 000:523.822   Debug reg: DHCSR
T0B14 000:523.832 - 0.549ms returns 0
T0B14 000:523.843 JLINK_ReadMem(0x400E002C, 0x4 Bytes, ...)
T0B14 000:523.853   CPU_ReadMem(4 bytes @ 0x400E002C)
T0B14 000:524.456   Data:  02 00 00 00
T0B14 000:524.471 - 0.628ms returns 0
T0B14 000:524.484 JLINK_ReadMem(0xE000EDF0, 0x4 Bytes, ...)
T0B14 000:524.494   CPU_ReadMem(4 bytes @ 0xE000EDF0)
T0B14 000:525.014   Data:  01 00 18 00
T0B14 000:525.031   Debug reg: DHCSR
T0B14 000:525.041 - 0.557ms returns 0
T0B14 000:525.054 JLINK_ReadMem(0x400E002C, 0x4 Bytes, ...)
T0B14 000:525.066   CPU_ReadMem(4 bytes @ 0x400E002C)
T0B14 000:525.615   Data:  02 00 00 00
T0B14 000:525.630 - 0.576ms returns 0
T0B14 000:527.636 JLINK_Close()
T0B14 000:541.811 - 14.173ms
T0B14 000:541.838   
T0B14 000:541.845   Closed
